#
# A fatal error has been detected by the Java Runtime Environment:
#
#  EXCEPTION_ACCESS_VIOLATION (0xc0000005) at pc=0x00007fff27830851, pid=3672, tid=23072
#
# JRE version: OpenJDK Runtime Environment (20.0.2+9) (build 20.0.2+9-78)
# Java VM: OpenJDK 64-Bit Server VM (20.0.2+9-78, mixed mode, sharing, tiered, compressed oops, compressed class ptrs, g1 gc, windows-amd64)
# Problematic frame:
# C  [igxelpicd64.dll+0x260851]
#
# No core dump will be written. Minidumps are not enabled by default on client versions of Windows
#
# If you would like to submit a bug report, please visit:
#   https://bugreport.java.com/bugreport/crash.jsp
#

---------------  S U M M A R Y ------------

Command Line: -Djava.library.path=C:\3cWI\swp\Games\native -javaagent:C:\Program Files\JetBrains\IntelliJ IDEA Community Edition 2023.2.1\lib\idea_rt.jar=53159:C:\Program Files\JetBrains\IntelliJ IDEA Community Edition 2023.2.1\bin -Dfile.encoding=UTF-8 -Dsun.stdout.encoding=UTF-8 -Dsun.stderr.encoding=UTF-8 at.elina.test.games.firstgame.ObjectsGame

Host: 11th Gen Intel(R) Core(TM) i7-1165G7 @ 2.80GHz, 8 cores, 15G,  Windows 11 , 64 bit Build 22621 (10.0.22621.3672)
Time: Wed Jun 19 08:43:47 2024 Mitteleuropäische Sommerzeit elapsed time: 1.457470 seconds (0d 0h 0m 1s)

---------------  T H R E A D  ---------------

Current thread (0x00000225f2ffc1b0):  VMThread "VM Thread" [stack: 0x000000e426300000,0x000000e426400000] [id=23072]

Stack: [0x000000e426300000,0x000000e426400000],  sp=0x000000e4263fe260,  free space=1016k
Native frames: (J=compiled Java code, j=interpreted, Vv=VM code, C=native code)
C  [igxelpicd64.dll+0x260851]


siginfo: EXCEPTION_ACCESS_VIOLATION (0xc0000005), reading address 0x00000000000356f8


Registers:
RAX=0x00000225f87463c8, RBX=0x00000225f8746890, RCX=0x0000000000000000, RDX=0x0000000000000000
RSP=0x000000e4263fe260, RBP=0x0000000000000000, RSI=0x00000225f87462c0, RDI=0x00000225f860f1a0
R8 =0x0000000000000014, R9 =0x0000000000000000, R10=0x0000000000000000, R11=0x0000000000000246
R12=0x0000000000000016, R13=0x0000000000000000, R14=0x0000000000000000, R15=0x0000000000000000
RIP=0x00007fff27830851, EFLAGS=0x0000000000010202


Register to memory mapping:

RIP=0x00007fff27830851 igxelpicd64.dll
RAX=0x00000225f87463c8 points into unknown readable memory: 0x000000000000002b | 2b 00 00 00 00 00 00 00
RBX=0x00000225f8746890 points into unknown readable memory: 0x0000000000000000 | 00 00 00 00 00 00 00 00
RCX=0x0 is NULL
RDX=0x0 is NULL
RSP=0x000000e4263fe260 points into unknown readable memory: 0x00000225f77c91a0 | a0 91 7c f7 25 02 00 00
RBP=0x0 is NULL
RSI=0x00000225f87462c0 points into unknown readable memory: 0x00000225f77ab5f0 | f0 b5 7a f7 25 02 00 00
RDI=0x00000225f860f1a0 points into unknown readable memory: 0x00000225d1870100 | 00 01 87 d1 25 02 00 00
R8 =0x0000000000000014 is an unknown value
R9 =0x0 is NULL
R10=0x0 is NULL
R11=0x0000000000000246 is an unknown value
R12=0x0000000000000016 is an unknown value
R13=0x0 is NULL
R14=0x0 is NULL
R15=0x0 is NULL


Top of Stack: (sp=0x000000e4263fe260)
0x000000e4263fe260:   00000225f77c91a0 0000000000000000
0x000000e4263fe270:   01dea28e01c6908e 00007ffffabb3fe4
0x000000e4263fe280:   02300b9002cc8f8f 00d0d59001e71c90
0x000000e4263fe290:   02a9509100d32391 0235c391028f9391
0x000000e4263fe2a0:   00000225f8536fb8 000000000000002c
0x000000e4263fe2b0:   0000000000000000 000000000000000e
0x000000e4263fe2c0:   0000000000000000 0000000000000000
0x000000e4263fe2d0:   000000e4263fe3e0 00007fff27643b7c
0x000000e4263fe2e0:   0000022500000016 00000225f77c91a0
0x000000e4263fe2f0:   00000225f860f1a0 02dd379802631300
0x000000e4263fe300:   000000e400000658 0000b80200000000
0x000000e4263fe310:   0000000000000000 02c95b9a026a529a
0x000000e4263fe320:   007ad39b0254649a 02224d9c021f129c
0x000000e4263fe330:   02e3a79c02126f9c 028a9a9d00a8e09c
0x000000e4263fe340:   01901e9e00929d9d 00007fff2785c69f
0x000000e4263fe350:   0230829f0297769e 02e232a002c9a79f
0x000000e4263fe360:   027bd0a1025b41a0 025d06a2000605a2
0x000000e4263fe370:   023155a202c821a2 02ba7aa2029c58a2
0x000000e4263fe380:   029f23a3021096a2 00007fff27635a7f
0x000000e4263fe390:   0000b80200000000 0000000000000658
0x000000e4263fe3a0:   0000000000000000 400003c000000001
0x000000e4263fe3b0:   0000000000000000 0000000000000000
0x000000e4263fe3c0:   0000000000000000 0000000000000000
0x000000e4263fe3d0:   0000000000000000 0000000000000000
0x000000e4263fe3e0:   0000000000000000 0000000000000000
0x000000e4263fe3f0:   0000000000000000 0000000000000000
0x000000e4263fe400:   0000000000000000 0000000000000000
0x000000e4263fe410:   0000000000000000 0000000000000000
0x000000e4263fe420:   0000000000000000 0000000000000000
0x000000e4263fe430:   0000000000000000 0000000000000000
0x000000e4263fe440:   0000000000000000 0000000000000000
0x000000e4263fe450:   0000000000000000 0000000000000000 

Instructions: (pc=0x00007fff27830851)
0x00007fff27830751:   8b af 78 02 00 00 48 8b 05 62 15 bc 00 8b 88 40
0x00007fff27830761:   0b 00 00 89 8c 24 80 00 00 00 45 32 ed 48 c7 87
0x00007fff27830771:   78 02 00 00 00 00 00 00 c7 87 80 02 00 00 00 00
0x00007fff27830781:   00 00 48 c7 87 98 02 00 00 00 00 00 00 48 c7 87
0x00007fff27830791:   88 02 00 00 00 00 00 00 4d 85 f6 75 41 8b 05 24
0x00007fff278307a1:   0c cc 00 48 8d 34 c5 00 00 00 00 65 48 8b 04 25
0x00007fff278307b1:   58 00 00 00 b9 14 00 00 00 48 8b 04 30 44 38 2c
0x00007fff278307c1:   01 0f 84 8f 49 72 00 65 48 8b 04 25 58 00 00 00
0x00007fff278307d1:   41 be 20 00 00 00 48 8b 04 30 4d 8b 34 06 4c 3b
0x00007fff278307e1:   35 0a 31 cc 00 0f 84 a9 04 00 00 48 85 ed 0f 84
0x00007fff278307f1:   25 01 00 00 44 8b a4 24 80 00 00 00 0f 1f 00 48
0x00007fff27830801:   8b f5 48 8d 9d d0 05 00 00 48 8b 2b 45 84 ff 0f
0x00007fff27830811:   85 21 03 00 00 8b 97 c8 01 00 00 48 8b 05 9d 14
0x00007fff27830821:   bc 00 83 b8 78 03 00 00 02 75 32 83 fa 10 0f 83
0x00007fff27830831:   18 01 00 00 48 8d 04 d5 21 00 00 00 48 03 c2 48
0x00007fff27830841:   8d 04 c6 48 85 c0 0f 84 70 01 00 00 48 8b 48 08
0x00007fff27830851:   49 3b 8e f8 56 03 00 0f 87 e9 02 00 00 48 83 be
0x00007fff27830861:   48 06 00 00 00 0f 85 29 49 72 00 44 8b 97 c8 01
0x00007fff27830871:   00 00 48 8b 87 e0 01 00 00 4c 8b 08 8b 8f c8 01
0x00007fff27830881:   00 00 83 f9 10 0f 83 fa 00 00 00 48 8d 04 cd 21
0x00007fff27830891:   00 00 00 48 03 c1 48 8d 04 c6 48 85 c0 0f 84 20
0x00007fff278308a1:   01 00 00 4c 39 48 08 0f 86 16 01 00 00 48 8b 87
0x00007fff278308b1:   78 02 00 00 48 89 03 48 89 b7 78 02 00 00 ff 87
0x00007fff278308c1:   80 02 00 00 48 8b 46 08 48 8b 88 18 01 00 00 48
0x00007fff278308d1:   81 e1 00 00 ff ff 48 81 c1 00 00 01 00 48 01 8f
0x00007fff278308e1:   88 02 00 00 48 8b 46 08 48 8b 88 18 01 00 00 48
0x00007fff278308f1:   01 8f 98 02 00 00 48 85 ed 0f 85 00 ff ff ff 45
0x00007fff27830901:   84 ed 44 0f b6 a4 24 98 00 00 00 0f 85 91 03 00
0x00007fff27830911:   00 48 8b 9c 24 88 00 00 00 48 8b cf 45 84 e4 0f
0x00007fff27830921:   85 99 03 00 00 e8 d5 f9 ff ff 90 48 8b cb 48 8b
0x00007fff27830931:   9c 24 90 00 00 00 48 83 c4 40 41 5f 41 5e 41 5d
0x00007fff27830941:   41 5c 5f 5e 5d 48 ff 25 cb 17 86 00 8d 4a f0 8b 


Stack slot to memory mapping:
stack at sp + 0 slots: 0x00000225f77c91a0 points into unknown readable memory: 0xffffffffffffffff | ff ff ff ff ff ff ff ff
stack at sp + 1 slots: 0x0 is NULL
stack at sp + 2 slots: 0x01dea28e01c6908e is an unknown value
stack at sp + 3 slots: 0x00007ffffabb3fe4 ntdll.dll
stack at sp + 4 slots: 0x02300b9002cc8f8f is an unknown value
stack at sp + 5 slots: 0x00d0d59001e71c90 is an unknown value
stack at sp + 6 slots: 0x02a9509100d32391 is an unknown value
stack at sp + 7 slots: 0x0235c391028f9391 is an unknown value

VM_Operation (0x000000e4279ff490): Exit, mode: safepoint, requested by thread 0x00000225f8910130


---------------  P R O C E S S  ---------------

Threads class SMR info:
_java_thread_list=0x00000225f84e4d90, length=13, elements={
0x00000225d3af4600, 0x00000225f3018780, 0x00000225f301aea0, 0x00000225f30226a0,
0x00000225f30230d0, 0x00000225f302bc40, 0x00000225f303afd0, 0x00000225f74000d0,
0x00000225f2fe62e0, 0x00000225f76d54f0, 0x00000225f76d5f00, 0x00000225f7401ca0,
0x00000225f8910130
}

Java Threads: ( => current thread )
  0x00000225d3af4600 JavaThread "main" [_thread_blocked, id=22476, stack(0x000000e425d00000,0x000000e425e00000)]
  0x00000225f3018780 JavaThread "Reference Handler" daemon [_thread_blocked, id=3076, stack(0x000000e426400000,0x000000e426500000)]
  0x00000225f301aea0 JavaThread "Finalizer" daemon [_thread_blocked, id=9700, stack(0x000000e426500000,0x000000e426600000)]
  0x00000225f30226a0 JavaThread "Attach Listener" daemon [_thread_blocked, id=22804, stack(0x000000e426700000,0x000000e426800000)]
  0x00000225f30230d0 JavaThread "Service Thread" daemon [_thread_blocked, id=20488, stack(0x000000e426800000,0x000000e426900000)]
  0x00000225f302bc40 JavaThread "Monitor Deflation Thread" daemon [_thread_blocked, id=18196, stack(0x000000e426900000,0x000000e426a00000)]
  0x00000225f303afd0 JavaThread "C2 CompilerThread0" daemon [_thread_blocked, id=15548, stack(0x000000e426a00000,0x000000e426b00000)]
  0x00000225f74000d0 JavaThread "C1 CompilerThread0" daemon [_thread_blocked, id=17508, stack(0x000000e426b00000,0x000000e426c00000)]
  0x00000225f2fe62e0 JavaThread "Common-Cleaner" daemon [_thread_blocked, id=12628, stack(0x000000e426c00000,0x000000e426d00000)]
  0x00000225f76d54f0 JavaThread "Monitor Ctrl-Break" daemon [_thread_in_native, id=18132, stack(0x000000e426d00000,0x000000e426e00000)]
  0x00000225f76d5f00 JavaThread "Notification Thread" daemon [_thread_blocked, id=18492, stack(0x000000e426e00000,0x000000e426f00000)]
  0x00000225f7401ca0 JavaThread "C2 CompilerThread1" daemon [_thread_blocked, id=21648, stack(0x000000e427100000,0x000000e427200000)]
  0x00000225f8910130 JavaThread "SIGINT handler" daemon [_thread_blocked, id=12748, stack(0x000000e427900000,0x000000e427a00000)]

Other Threads:
=>0x00000225f2ffc1b0 VMThread "VM Thread" [stack: 0x000000e426300000,0x000000e426400000] [id=23072]
  0x00000225d3b632e0 WorkerThread "GC Thread#0" [stack: 0x000000e425e00000,0x000000e425f00000] [id=21872]
  0x00000225d3b73e80 ConcurrentGCThread "G1 Main Marker" terminated
  0x00000225d3b748b0 WorkerThread "G1 Conc#0" [stack: 0x000000e426000000,0x000000e426100000] [id=12152]
  0x00000225d3baec70 ConcurrentGCThread "G1 Refine#0" terminated
  0x00000225f2ebbcc0 ConcurrentGCThread "G1 Service" terminated

Threads with active compile tasks:

VM state: at safepoint (shutting down)

VM Mutex/Monitor currently owned by a thread:  ([mutex/lock_event])
[0x00000225d3af0910] Threads_lock - owner thread: 0x00000225f2ffc1b0
[0x00000225d3af06d0] Heap_lock - owner thread: 0x00000225f8910130

Heap address: 0x0000000703600000, size: 4042 MB, Compressed Oops mode: Zero based, Oop shift amount: 3

CDS archive(s) mapped at: [0x0000022580000000-0x0000022580c60000-0x0000022580c60000), size 12976128, SharedBaseAddress: 0x0000022580000000, ArchiveRelocationMode: 1.
Compressed class space mapped at: 0x0000022581000000-0x00000225c1000000, reserved size: 1073741824
Narrow klass base: 0x0000022580000000, Narrow klass shift: 0, Narrow klass range: 0x100000000

GC Precious Log:
 CardTable entry size: 512
 Card Set container configuration: InlinePtr #cards 4 size 8 Array Of Cards #cards 16 size 48 Howl #buckets 8 coarsen threshold 3686 Howl Bitmap #cards 512 size 80 coarsen threshold 460 Card regions per heap region 1 cards per card region 4096
 CPUs: 8 total, 8 available
 Memory: 16163M
 Large Page Support: Disabled
 NUMA Support: Disabled
 Compressed Oops: Enabled (Zero based)
 Heap Region Size: 2M
 Heap Min Capacity: 8M
 Heap Initial Capacity: 254M
 Heap Max Capacity: 4042M
 Pre-touch: Disabled
 Parallel Workers: 8
 Concurrent Workers: 2
 Concurrent Refinement Workers: 8
 Periodic GC: Disabled

Heap:
 garbage-first heap   total 260096K, used 8192K [0x0000000703600000, 0x0000000800000000)
  region size 2048K, 5 young (10240K), 0 survivors (0K)
 Metaspace       used 3470K, committed 3648K, reserved 1114112K
  class space    used 241K, committed 320K, reserved 1048576K

Heap Regions: E=young(eden), S=young(survivor), O=old, HS=humongous(starts), HC=humongous(continues), CS=collection set, F=free, OA=open archive, CA=closed archive, TAMS=top-at-mark-start, PB=parsable bottom
|   0|0x0000000703600000, 0x0000000703600000, 0x0000000703800000|  0%| F|  |TAMS 0x0000000703600000| PB 0x0000000703600000| Untracked 
|   1|0x0000000703800000, 0x0000000703800000, 0x0000000703a00000|  0%| F|  |TAMS 0x0000000703800000| PB 0x0000000703800000| Untracked 
|   2|0x0000000703a00000, 0x0000000703a00000, 0x0000000703c00000|  0%| F|  |TAMS 0x0000000703a00000| PB 0x0000000703a00000| Untracked 
|   3|0x0000000703c00000, 0x0000000703c00000, 0x0000000703e00000|  0%| F|  |TAMS 0x0000000703c00000| PB 0x0000000703c00000| Untracked 
|   4|0x0000000703e00000, 0x0000000703e00000, 0x0000000704000000|  0%| F|  |TAMS 0x0000000703e00000| PB 0x0000000703e00000| Untracked 
|   5|0x0000000704000000, 0x0000000704000000, 0x0000000704200000|  0%| F|  |TAMS 0x0000000704000000| PB 0x0000000704000000| Untracked 
|   6|0x0000000704200000, 0x0000000704200000, 0x0000000704400000|  0%| F|  |TAMS 0x0000000704200000| PB 0x0000000704200000| Untracked 
|   7|0x0000000704400000, 0x0000000704400000, 0x0000000704600000|  0%| F|  |TAMS 0x0000000704400000| PB 0x0000000704400000| Untracked 
|   8|0x0000000704600000, 0x0000000704600000, 0x0000000704800000|  0%| F|  |TAMS 0x0000000704600000| PB 0x0000000704600000| Untracked 
|   9|0x0000000704800000, 0x0000000704800000, 0x0000000704a00000|  0%| F|  |TAMS 0x0000000704800000| PB 0x0000000704800000| Untracked 
|  10|0x0000000704a00000, 0x0000000704a00000, 0x0000000704c00000|  0%| F|  |TAMS 0x0000000704a00000| PB 0x0000000704a00000| Untracked 
|  11|0x0000000704c00000, 0x0000000704c00000, 0x0000000704e00000|  0%| F|  |TAMS 0x0000000704c00000| PB 0x0000000704c00000| Untracked 
|  12|0x0000000704e00000, 0x0000000704e00000, 0x0000000705000000|  0%| F|  |TAMS 0x0000000704e00000| PB 0x0000000704e00000| Untracked 
|  13|0x0000000705000000, 0x0000000705000000, 0x0000000705200000|  0%| F|  |TAMS 0x0000000705000000| PB 0x0000000705000000| Untracked 
|  14|0x0000000705200000, 0x0000000705200000, 0x0000000705400000|  0%| F|  |TAMS 0x0000000705200000| PB 0x0000000705200000| Untracked 
|  15|0x0000000705400000, 0x0000000705400000, 0x0000000705600000|  0%| F|  |TAMS 0x0000000705400000| PB 0x0000000705400000| Untracked 
|  16|0x0000000705600000, 0x0000000705600000, 0x0000000705800000|  0%| F|  |TAMS 0x0000000705600000| PB 0x0000000705600000| Untracked 
|  17|0x0000000705800000, 0x0000000705800000, 0x0000000705a00000|  0%| F|  |TAMS 0x0000000705800000| PB 0x0000000705800000| Untracked 
|  18|0x0000000705a00000, 0x0000000705a00000, 0x0000000705c00000|  0%| F|  |TAMS 0x0000000705a00000| PB 0x0000000705a00000| Untracked 
|  19|0x0000000705c00000, 0x0000000705c00000, 0x0000000705e00000|  0%| F|  |TAMS 0x0000000705c00000| PB 0x0000000705c00000| Untracked 
|  20|0x0000000705e00000, 0x0000000705e00000, 0x0000000706000000|  0%| F|  |TAMS 0x0000000705e00000| PB 0x0000000705e00000| Untracked 
|  21|0x0000000706000000, 0x0000000706000000, 0x0000000706200000|  0%| F|  |TAMS 0x0000000706000000| PB 0x0000000706000000| Untracked 
|  22|0x0000000706200000, 0x0000000706200000, 0x0000000706400000|  0%| F|  |TAMS 0x0000000706200000| PB 0x0000000706200000| Untracked 
|  23|0x0000000706400000, 0x0000000706400000, 0x0000000706600000|  0%| F|  |TAMS 0x0000000706400000| PB 0x0000000706400000| Untracked 
|  24|0x0000000706600000, 0x0000000706600000, 0x0000000706800000|  0%| F|  |TAMS 0x0000000706600000| PB 0x0000000706600000| Untracked 
|  25|0x0000000706800000, 0x0000000706800000, 0x0000000706a00000|  0%| F|  |TAMS 0x0000000706800000| PB 0x0000000706800000| Untracked 
|  26|0x0000000706a00000, 0x0000000706a00000, 0x0000000706c00000|  0%| F|  |TAMS 0x0000000706a00000| PB 0x0000000706a00000| Untracked 
|  27|0x0000000706c00000, 0x0000000706c00000, 0x0000000706e00000|  0%| F|  |TAMS 0x0000000706c00000| PB 0x0000000706c00000| Untracked 
|  28|0x0000000706e00000, 0x0000000706e00000, 0x0000000707000000|  0%| F|  |TAMS 0x0000000706e00000| PB 0x0000000706e00000| Untracked 
|  29|0x0000000707000000, 0x0000000707000000, 0x0000000707200000|  0%| F|  |TAMS 0x0000000707000000| PB 0x0000000707000000| Untracked 
|  30|0x0000000707200000, 0x0000000707200000, 0x0000000707400000|  0%| F|  |TAMS 0x0000000707200000| PB 0x0000000707200000| Untracked 
|  31|0x0000000707400000, 0x0000000707400000, 0x0000000707600000|  0%| F|  |TAMS 0x0000000707400000| PB 0x0000000707400000| Untracked 
|  32|0x0000000707600000, 0x0000000707600000, 0x0000000707800000|  0%| F|  |TAMS 0x0000000707600000| PB 0x0000000707600000| Untracked 
|  33|0x0000000707800000, 0x0000000707800000, 0x0000000707a00000|  0%| F|  |TAMS 0x0000000707800000| PB 0x0000000707800000| Untracked 
|  34|0x0000000707a00000, 0x0000000707a00000, 0x0000000707c00000|  0%| F|  |TAMS 0x0000000707a00000| PB 0x0000000707a00000| Untracked 
|  35|0x0000000707c00000, 0x0000000707c00000, 0x0000000707e00000|  0%| F|  |TAMS 0x0000000707c00000| PB 0x0000000707c00000| Untracked 
|  36|0x0000000707e00000, 0x0000000707e00000, 0x0000000708000000|  0%| F|  |TAMS 0x0000000707e00000| PB 0x0000000707e00000| Untracked 
|  37|0x0000000708000000, 0x0000000708000000, 0x0000000708200000|  0%| F|  |TAMS 0x0000000708000000| PB 0x0000000708000000| Untracked 
|  38|0x0000000708200000, 0x0000000708200000, 0x0000000708400000|  0%| F|  |TAMS 0x0000000708200000| PB 0x0000000708200000| Untracked 
|  39|0x0000000708400000, 0x0000000708400000, 0x0000000708600000|  0%| F|  |TAMS 0x0000000708400000| PB 0x0000000708400000| Untracked 
|  40|0x0000000708600000, 0x0000000708600000, 0x0000000708800000|  0%| F|  |TAMS 0x0000000708600000| PB 0x0000000708600000| Untracked 
|  41|0x0000000708800000, 0x0000000708800000, 0x0000000708a00000|  0%| F|  |TAMS 0x0000000708800000| PB 0x0000000708800000| Untracked 
|  42|0x0000000708a00000, 0x0000000708a00000, 0x0000000708c00000|  0%| F|  |TAMS 0x0000000708a00000| PB 0x0000000708a00000| Untracked 
|  43|0x0000000708c00000, 0x0000000708c00000, 0x0000000708e00000|  0%| F|  |TAMS 0x0000000708c00000| PB 0x0000000708c00000| Untracked 
|  44|0x0000000708e00000, 0x0000000708e00000, 0x0000000709000000|  0%| F|  |TAMS 0x0000000708e00000| PB 0x0000000708e00000| Untracked 
|  45|0x0000000709000000, 0x0000000709000000, 0x0000000709200000|  0%| F|  |TAMS 0x0000000709000000| PB 0x0000000709000000| Untracked 
|  46|0x0000000709200000, 0x0000000709200000, 0x0000000709400000|  0%| F|  |TAMS 0x0000000709200000| PB 0x0000000709200000| Untracked 
|  47|0x0000000709400000, 0x0000000709400000, 0x0000000709600000|  0%| F|  |TAMS 0x0000000709400000| PB 0x0000000709400000| Untracked 
|  48|0x0000000709600000, 0x0000000709600000, 0x0000000709800000|  0%| F|  |TAMS 0x0000000709600000| PB 0x0000000709600000| Untracked 
|  49|0x0000000709800000, 0x0000000709800000, 0x0000000709a00000|  0%| F|  |TAMS 0x0000000709800000| PB 0x0000000709800000| Untracked 
|  50|0x0000000709a00000, 0x0000000709a00000, 0x0000000709c00000|  0%| F|  |TAMS 0x0000000709a00000| PB 0x0000000709a00000| Untracked 
|  51|0x0000000709c00000, 0x0000000709c00000, 0x0000000709e00000|  0%| F|  |TAMS 0x0000000709c00000| PB 0x0000000709c00000| Untracked 
|  52|0x0000000709e00000, 0x0000000709e00000, 0x000000070a000000|  0%| F|  |TAMS 0x0000000709e00000| PB 0x0000000709e00000| Untracked 
|  53|0x000000070a000000, 0x000000070a000000, 0x000000070a200000|  0%| F|  |TAMS 0x000000070a000000| PB 0x000000070a000000| Untracked 
|  54|0x000000070a200000, 0x000000070a200000, 0x000000070a400000|  0%| F|  |TAMS 0x000000070a200000| PB 0x000000070a200000| Untracked 
|  55|0x000000070a400000, 0x000000070a400000, 0x000000070a600000|  0%| F|  |TAMS 0x000000070a400000| PB 0x000000070a400000| Untracked 
|  56|0x000000070a600000, 0x000000070a600000, 0x000000070a800000|  0%| F|  |TAMS 0x000000070a600000| PB 0x000000070a600000| Untracked 
|  57|0x000000070a800000, 0x000000070a800000, 0x000000070aa00000|  0%| F|  |TAMS 0x000000070a800000| PB 0x000000070a800000| Untracked 
|  58|0x000000070aa00000, 0x000000070aa00000, 0x000000070ac00000|  0%| F|  |TAMS 0x000000070aa00000| PB 0x000000070aa00000| Untracked 
|  59|0x000000070ac00000, 0x000000070ac00000, 0x000000070ae00000|  0%| F|  |TAMS 0x000000070ac00000| PB 0x000000070ac00000| Untracked 
|  60|0x000000070ae00000, 0x000000070ae00000, 0x000000070b000000|  0%| F|  |TAMS 0x000000070ae00000| PB 0x000000070ae00000| Untracked 
|  61|0x000000070b000000, 0x000000070b000000, 0x000000070b200000|  0%| F|  |TAMS 0x000000070b000000| PB 0x000000070b000000| Untracked 
|  62|0x000000070b200000, 0x000000070b200000, 0x000000070b400000|  0%| F|  |TAMS 0x000000070b200000| PB 0x000000070b200000| Untracked 
|  63|0x000000070b400000, 0x000000070b400000, 0x000000070b600000|  0%| F|  |TAMS 0x000000070b400000| PB 0x000000070b400000| Untracked 
|  64|0x000000070b600000, 0x000000070b600000, 0x000000070b800000|  0%| F|  |TAMS 0x000000070b600000| PB 0x000000070b600000| Untracked 
|  65|0x000000070b800000, 0x000000070b800000, 0x000000070ba00000|  0%| F|  |TAMS 0x000000070b800000| PB 0x000000070b800000| Untracked 
|  66|0x000000070ba00000, 0x000000070ba00000, 0x000000070bc00000|  0%| F|  |TAMS 0x000000070ba00000| PB 0x000000070ba00000| Untracked 
|  67|0x000000070bc00000, 0x000000070bc00000, 0x000000070be00000|  0%| F|  |TAMS 0x000000070bc00000| PB 0x000000070bc00000| Untracked 
|  68|0x000000070be00000, 0x000000070be00000, 0x000000070c000000|  0%| F|  |TAMS 0x000000070be00000| PB 0x000000070be00000| Untracked 
|  69|0x000000070c000000, 0x000000070c000000, 0x000000070c200000|  0%| F|  |TAMS 0x000000070c000000| PB 0x000000070c000000| Untracked 
|  70|0x000000070c200000, 0x000000070c200000, 0x000000070c400000|  0%| F|  |TAMS 0x000000070c200000| PB 0x000000070c200000| Untracked 
|  71|0x000000070c400000, 0x000000070c400000, 0x000000070c600000|  0%| F|  |TAMS 0x000000070c400000| PB 0x000000070c400000| Untracked 
|  72|0x000000070c600000, 0x000000070c600000, 0x000000070c800000|  0%| F|  |TAMS 0x000000070c600000| PB 0x000000070c600000| Untracked 
|  73|0x000000070c800000, 0x000000070c800000, 0x000000070ca00000|  0%| F|  |TAMS 0x000000070c800000| PB 0x000000070c800000| Untracked 
|  74|0x000000070ca00000, 0x000000070ca00000, 0x000000070cc00000|  0%| F|  |TAMS 0x000000070ca00000| PB 0x000000070ca00000| Untracked 
|  75|0x000000070cc00000, 0x000000070cc00000, 0x000000070ce00000|  0%| F|  |TAMS 0x000000070cc00000| PB 0x000000070cc00000| Untracked 
|  76|0x000000070ce00000, 0x000000070ce00000, 0x000000070d000000|  0%| F|  |TAMS 0x000000070ce00000| PB 0x000000070ce00000| Untracked 
|  77|0x000000070d000000, 0x000000070d000000, 0x000000070d200000|  0%| F|  |TAMS 0x000000070d000000| PB 0x000000070d000000| Untracked 
|  78|0x000000070d200000, 0x000000070d200000, 0x000000070d400000|  0%| F|  |TAMS 0x000000070d200000| PB 0x000000070d200000| Untracked 
|  79|0x000000070d400000, 0x000000070d400000, 0x000000070d600000|  0%| F|  |TAMS 0x000000070d400000| PB 0x000000070d400000| Untracked 
|  80|0x000000070d600000, 0x000000070d600000, 0x000000070d800000|  0%| F|  |TAMS 0x000000070d600000| PB 0x000000070d600000| Untracked 
|  81|0x000000070d800000, 0x000000070d800000, 0x000000070da00000|  0%| F|  |TAMS 0x000000070d800000| PB 0x000000070d800000| Untracked 
|  82|0x000000070da00000, 0x000000070da00000, 0x000000070dc00000|  0%| F|  |TAMS 0x000000070da00000| PB 0x000000070da00000| Untracked 
|  83|0x000000070dc00000, 0x000000070dc00000, 0x000000070de00000|  0%| F|  |TAMS 0x000000070dc00000| PB 0x000000070dc00000| Untracked 
|  84|0x000000070de00000, 0x000000070de00000, 0x000000070e000000|  0%| F|  |TAMS 0x000000070de00000| PB 0x000000070de00000| Untracked 
|  85|0x000000070e000000, 0x000000070e000000, 0x000000070e200000|  0%| F|  |TAMS 0x000000070e000000| PB 0x000000070e000000| Untracked 
|  86|0x000000070e200000, 0x000000070e200000, 0x000000070e400000|  0%| F|  |TAMS 0x000000070e200000| PB 0x000000070e200000| Untracked 
|  87|0x000000070e400000, 0x000000070e400000, 0x000000070e600000|  0%| F|  |TAMS 0x000000070e400000| PB 0x000000070e400000| Untracked 
|  88|0x000000070e600000, 0x000000070e600000, 0x000000070e800000|  0%| F|  |TAMS 0x000000070e600000| PB 0x000000070e600000| Untracked 
|  89|0x000000070e800000, 0x000000070e800000, 0x000000070ea00000|  0%| F|  |TAMS 0x000000070e800000| PB 0x000000070e800000| Untracked 
|  90|0x000000070ea00000, 0x000000070ea00000, 0x000000070ec00000|  0%| F|  |TAMS 0x000000070ea00000| PB 0x000000070ea00000| Untracked 
|  91|0x000000070ec00000, 0x000000070ec00000, 0x000000070ee00000|  0%| F|  |TAMS 0x000000070ec00000| PB 0x000000070ec00000| Untracked 
|  92|0x000000070ee00000, 0x000000070ee00000, 0x000000070f000000|  0%| F|  |TAMS 0x000000070ee00000| PB 0x000000070ee00000| Untracked 
|  93|0x000000070f000000, 0x000000070f000000, 0x000000070f200000|  0%| F|  |TAMS 0x000000070f000000| PB 0x000000070f000000| Untracked 
|  94|0x000000070f200000, 0x000000070f200000, 0x000000070f400000|  0%| F|  |TAMS 0x000000070f200000| PB 0x000000070f200000| Untracked 
|  95|0x000000070f400000, 0x000000070f400000, 0x000000070f600000|  0%| F|  |TAMS 0x000000070f400000| PB 0x000000070f400000| Untracked 
|  96|0x000000070f600000, 0x000000070f600000, 0x000000070f800000|  0%| F|  |TAMS 0x000000070f600000| PB 0x000000070f600000| Untracked 
|  97|0x000000070f800000, 0x000000070f800000, 0x000000070fa00000|  0%| F|  |TAMS 0x000000070f800000| PB 0x000000070f800000| Untracked 
|  98|0x000000070fa00000, 0x000000070fa00000, 0x000000070fc00000|  0%| F|  |TAMS 0x000000070fa00000| PB 0x000000070fa00000| Untracked 
|  99|0x000000070fc00000, 0x000000070fc00000, 0x000000070fe00000|  0%| F|  |TAMS 0x000000070fc00000| PB 0x000000070fc00000| Untracked 
| 100|0x000000070fe00000, 0x000000070fe00000, 0x0000000710000000|  0%| F|  |TAMS 0x000000070fe00000| PB 0x000000070fe00000| Untracked 
| 101|0x0000000710000000, 0x0000000710000000, 0x0000000710200000|  0%| F|  |TAMS 0x0000000710000000| PB 0x0000000710000000| Untracked 
| 102|0x0000000710200000, 0x0000000710200000, 0x0000000710400000|  0%| F|  |TAMS 0x0000000710200000| PB 0x0000000710200000| Untracked 
| 103|0x0000000710400000, 0x0000000710400000, 0x0000000710600000|  0%| F|  |TAMS 0x0000000710400000| PB 0x0000000710400000| Untracked 
| 104|0x0000000710600000, 0x0000000710600000, 0x0000000710800000|  0%| F|  |TAMS 0x0000000710600000| PB 0x0000000710600000| Untracked 
| 105|0x0000000710800000, 0x0000000710800000, 0x0000000710a00000|  0%| F|  |TAMS 0x0000000710800000| PB 0x0000000710800000| Untracked 
| 106|0x0000000710a00000, 0x0000000710a00000, 0x0000000710c00000|  0%| F|  |TAMS 0x0000000710a00000| PB 0x0000000710a00000| Untracked 
| 107|0x0000000710c00000, 0x0000000710c00000, 0x0000000710e00000|  0%| F|  |TAMS 0x0000000710c00000| PB 0x0000000710c00000| Untracked 
| 108|0x0000000710e00000, 0x0000000710e00000, 0x0000000711000000|  0%| F|  |TAMS 0x0000000710e00000| PB 0x0000000710e00000| Untracked 
| 109|0x0000000711000000, 0x0000000711000000, 0x0000000711200000|  0%| F|  |TAMS 0x0000000711000000| PB 0x0000000711000000| Untracked 
| 110|0x0000000711200000, 0x0000000711200000, 0x0000000711400000|  0%| F|  |TAMS 0x0000000711200000| PB 0x0000000711200000| Untracked 
| 111|0x0000000711400000, 0x0000000711400000, 0x0000000711600000|  0%| F|  |TAMS 0x0000000711400000| PB 0x0000000711400000| Untracked 
| 112|0x0000000711600000, 0x0000000711600000, 0x0000000711800000|  0%| F|  |TAMS 0x0000000711600000| PB 0x0000000711600000| Untracked 
| 113|0x0000000711800000, 0x0000000711800000, 0x0000000711a00000|  0%| F|  |TAMS 0x0000000711800000| PB 0x0000000711800000| Untracked 
| 114|0x0000000711a00000, 0x0000000711a00000, 0x0000000711c00000|  0%| F|  |TAMS 0x0000000711a00000| PB 0x0000000711a00000| Untracked 
| 115|0x0000000711c00000, 0x0000000711c00000, 0x0000000711e00000|  0%| F|  |TAMS 0x0000000711c00000| PB 0x0000000711c00000| Untracked 
| 116|0x0000000711e00000, 0x0000000711e00000, 0x0000000712000000|  0%| F|  |TAMS 0x0000000711e00000| PB 0x0000000711e00000| Untracked 
| 117|0x0000000712000000, 0x0000000712000000, 0x0000000712200000|  0%| F|  |TAMS 0x0000000712000000| PB 0x0000000712000000| Untracked 
| 118|0x0000000712200000, 0x0000000712200000, 0x0000000712400000|  0%| F|  |TAMS 0x0000000712200000| PB 0x0000000712200000| Untracked 
| 119|0x0000000712400000, 0x0000000712400000, 0x0000000712600000|  0%| F|  |TAMS 0x0000000712400000| PB 0x0000000712400000| Untracked 
| 120|0x0000000712600000, 0x0000000712600000, 0x0000000712800000|  0%| F|  |TAMS 0x0000000712600000| PB 0x0000000712600000| Untracked 
| 121|0x0000000712800000, 0x0000000712800000, 0x0000000712a00000|  0%| F|  |TAMS 0x0000000712800000| PB 0x0000000712800000| Untracked 
| 122|0x0000000712a00000, 0x0000000712c00000, 0x0000000712c00000|100%| E|  |TAMS 0x0000000712a00000| PB 0x0000000712a00000| Complete 
| 123|0x0000000712c00000, 0x0000000712e00000, 0x0000000712e00000|100%| E|CS|TAMS 0x0000000712c00000| PB 0x0000000712c00000| Complete 
| 124|0x0000000712e00000, 0x0000000713000000, 0x0000000713000000|100%| E|CS|TAMS 0x0000000712e00000| PB 0x0000000712e00000| Complete 
| 125|0x0000000713000000, 0x0000000713200000, 0x0000000713200000|100%| E|CS|TAMS 0x0000000713000000| PB 0x0000000713000000| Complete 
| 126|0x0000000713200000, 0x0000000713400000, 0x0000000713400000|100%| E|CS|TAMS 0x0000000713200000| PB 0x0000000713200000| Complete 

Card table byte_map: [0x00000225eb6d0000,0x00000225ebec0000] _byte_map_base: 0x00000225e7eb5000

Marking Bits: (CMBitMap*) 0x00000225d3b63910
 Bits: [0x00000225ec6b0000, 0x00000225f05d8000)

Polling page: 0x00000225d32b0000

Metaspace:

Usage:
  Non-class:      3.15 MB used.
      Class:    241.50 KB used.
       Both:      3.39 MB used.

Virtual space:
  Non-class space:       64.00 MB reserved,       3.25 MB (  5%) committed,  1 nodes.
      Class space:        1.00 GB reserved,     320.00 KB ( <1%) committed,  1 nodes.
             Both:        1.06 GB reserved,       3.56 MB ( <1%) committed. 

Chunk freelists:
   Non-Class:  2.59 MB
       Class:  3.62 MB
        Both:  6.22 MB

MaxMetaspaceSize: unlimited
CompressedClassSpaceSize: 1.00 GB
Initial GC threshold: 21.00 MB
Current GC threshold: 21.00 MB
CDS: on
MetaspaceReclaimPolicy: balanced
 - commit_granule_bytes: 65536.
 - commit_granule_words: 8192.
 - virtual_space_node_default_size: 8388608.
 - enlarge_chunks_in_place: 1.
 - new_chunks_are_fully_committed: 0.
 - uncommit_free_chunks: 1.
 - use_allocation_guard: 0.


Internal statistics:

num_allocs_failed_limit: 0.
num_arena_births: 32.
num_arena_deaths: 0.
num_vsnodes_births: 2.
num_vsnodes_deaths: 0.
num_space_committed: 55.
num_space_uncommitted: 0.
num_chunks_returned_to_freelist: 0.
num_chunks_taken_from_freelist: 93.
num_chunk_merges: 0.
num_chunk_splits: 62.
num_chunks_enlarged: 46.
num_inconsistent_stats: 0.

CodeHeap 'non-profiled nmethods': size=120000Kb used=186Kb max_used=186Kb free=119813Kb
 bounds [0x00000225e3680000, 0x00000225e38f0000, 0x00000225eabb0000]
CodeHeap 'profiled nmethods': size=120000Kb used=954Kb max_used=954Kb free=119045Kb
 bounds [0x00000225dbbb0000, 0x00000225dbe20000, 0x00000225e30e0000]
CodeHeap 'non-nmethods': size=5760Kb used=1656Kb max_used=1669Kb free=4103Kb
 bounds [0x00000225e30e0000, 0x00000225e3350000, 0x00000225e3680000]
 total_blobs=1223 nmethods=669 adapters=465
 compilation: enabled
              stopped_count=0, restarted_count=0
 full_count=0

Compilation events (20 events):
Event: 0.735 Thread 0x00000225f303afd0 nmethod 658 0x00000225e36ad910 code [0x00000225e36ada80, 0x00000225e36adb00]
Event: 0.735 Thread 0x00000225f303afd0  655       4       java.lang.StringLatin1::indexOf (36 bytes)
Event: 0.736 Thread 0x00000225f303afd0 nmethod 655 0x00000225e36adc10 code [0x00000225e36add80, 0x00000225e36adf68]
Event: 0.736 Thread 0x00000225f303afd0  656       4       java.lang.String::indexOf (7 bytes)
Event: 0.736 Thread 0x00000225f74000d0  665       3       java.io.WinNTFileSystem::prefixLength (91 bytes)
Event: 0.737 Thread 0x00000225f303afd0 nmethod 656 0x00000225e36ae090 code [0x00000225e36ae200, 0x00000225e36ae3e0]
Event: 0.737 Thread 0x00000225f74000d0 nmethod 665 0x00000225dbc9ad10 code [0x00000225dbc9b020, 0x00000225dbc9c450]
Event: 0.738 Thread 0x00000225f74000d0  666       3       java.lang.ClassLoader::loadClass (7 bytes)
Event: 0.738 Thread 0x00000225f74000d0 nmethod 666 0x00000225dbc9cb10 code [0x00000225dbc9cca0, 0x00000225dbc9ce70]
Event: 0.738 Thread 0x00000225f74000d0  667       3       jdk.internal.loader.BuiltinClassLoader::loadClass (22 bytes)
Event: 0.738 Thread 0x00000225f74000d0 nmethod 667 0x00000225dbc9cf10 code [0x00000225dbc9d0c0, 0x00000225dbc9d388]
Event: 0.738 Thread 0x00000225f74000d0  668       3       java.util.ArrayDeque::elementAt (4 bytes)
Event: 0.738 Thread 0x00000225f74000d0 nmethod 668 0x00000225dbc9d490 code [0x00000225dbc9d620, 0x00000225dbc9d738]
Event: 0.739 Thread 0x00000225f74000d0  669       3       jdk.internal.loader.ClassLoaders$AppClassLoader::loadClass (40 bytes)
Event: 0.739 Thread 0x00000225f74000d0 nmethod 669 0x00000225dbc9d810 code [0x00000225dbc9d9e0, 0x00000225dbc9dde8]
Event: 0.739 Thread 0x00000225f74000d0  670       3       java.io.File::isInvalid (47 bytes)
Event: 0.739 Thread 0x00000225f74000d0 nmethod 670 0x00000225dbc9df90 code [0x00000225dbc9e140, 0x00000225dbc9e418]
Event: 0.744 Thread 0x00000225f7401ca0 nmethod 635% 0x00000225e36ae510 code [0x00000225e36ae680, 0x00000225e36ae998]
Event: 0.761 Thread 0x00000225f74000d0  671   !   3       java.util.zip.Inflater::finished (19 bytes)
Event: 0.761 Thread 0x00000225f74000d0 nmethod 671 0x00000225dbc9e510 code [0x00000225dbc9e6a0, 0x00000225dbc9e8a8]

GC Heap History (0 events):
No events

Dll operation events (14 events):
Event: 0.054 Loaded shared library C:\Users\User\.jdks\openjdk-20.0.2\bin\java.dll
Event: 0.084 Loaded shared library C:\Users\User\.jdks\openjdk-20.0.2\bin\jsvml.dll
Event: 0.151 Loaded shared library C:\Users\User\.jdks\openjdk-20.0.2\bin\zip.dll
Event: 0.168 Loaded shared library C:\Users\User\.jdks\openjdk-20.0.2\bin\instrument.dll
Event: 0.174 Loaded shared library C:\Users\User\.jdks\openjdk-20.0.2\bin\net.dll
Event: 0.176 Loaded shared library C:\Users\User\.jdks\openjdk-20.0.2\bin\nio.dll
Event: 0.201 Loaded shared library C:\Users\User\.jdks\openjdk-20.0.2\bin\zip.dll
Event: 0.376 Loaded shared library C:\Program Files\JetBrains\IntelliJ IDEA Community Edition 2023.2.1\bin\breakgen64.dll
Event: 0.386 Loaded shared library C:\Users\User\.jdks\openjdk-20.0.2\bin\extnet.dll
Event: 0.391 Loaded shared library C:\Users\User\.jdks\openjdk-20.0.2\bin\verify.dll
Event: 0.431 Loaded shared library C:\3cWI\swp\Games\native\lwjgl64.dll
Event: 0.444 Loaded shared library C:\Users\User\.jdks\openjdk-20.0.2\bin\jimage.dll
Event: 0.711 Loaded shared library C:\Users\User\.jdks\openjdk-20.0.2\bin\awt.dll
Event: 0.757 Loaded shared library C:\3cWI\swp\Games\native\jinput-dx8_64.dll

Deoptimization events (16 events):
Event: 0.377 Thread 0x00000225d3af4600 Uncommon trap: trap_request=0xffffff45 fr.pc=0x00000225e368fd34 relative=0x00000000000000b4
Event: 0.377 Thread 0x00000225d3af4600 Uncommon trap: reason=unstable_if action=reinterpret pc=0x00000225e368fd34 method=java.lang.String.isLatin1()Z @ 10 c2
Event: 0.377 Thread 0x00000225d3af4600 DEOPT PACKING pc=0x00000225e368fd34 sp=0x000000e425dfec80
Event: 0.377 Thread 0x00000225d3af4600 DEOPT UNPACKING pc=0x00000225e30fd2a2 sp=0x000000e425dfebc0 mode 2
Event: 0.511 Thread 0x00000225d3af4600 Uncommon trap: trap_request=0xffffff45 fr.pc=0x00000225e369b350 relative=0x0000000000000150
Event: 0.511 Thread 0x00000225d3af4600 Uncommon trap: reason=unstable_if action=reinterpret pc=0x00000225e369b350 method=java.util.concurrent.locks.ReentrantLock$NonfairSync.initialTryLock()Z @ 10 c2
Event: 0.511 Thread 0x00000225d3af4600 DEOPT PACKING pc=0x00000225e369b350 sp=0x000000e425dfea00
Event: 0.511 Thread 0x00000225d3af4600 DEOPT UNPACKING pc=0x00000225e30fd2a2 sp=0x000000e425dfe9a8 mode 2
Event: 0.511 Thread 0x00000225d3af4600 Uncommon trap: trap_request=0xffffff45 fr.pc=0x00000225e36a0b54 relative=0x00000000000000d4
Event: 0.511 Thread 0x00000225d3af4600 Uncommon trap: reason=unstable_if action=reinterpret pc=0x00000225e36a0b54 method=java.util.concurrent.locks.ReentrantLock$Sync.tryRelease(I)Z @ 26 c2
Event: 0.511 Thread 0x00000225d3af4600 DEOPT PACKING pc=0x00000225e36a0b54 sp=0x000000e425dfea00
Event: 0.511 Thread 0x00000225d3af4600 DEOPT UNPACKING pc=0x00000225e30fd2a2 sp=0x000000e425dfe9a0 mode 2
Event: 0.608 Thread 0x00000225d3af4600 DEOPT PACKING pc=0x00000225dbbd46d7 sp=0x000000e425dfa280
Event: 0.608 Thread 0x00000225d3af4600 DEOPT UNPACKING pc=0x00000225e314e462 sp=0x000000e425df96a0 mode 0
Event: 0.701 Thread 0x00000225d3af4600 DEOPT PACKING pc=0x00000225dbbb7e41 sp=0x000000e425dfc430
Event: 0.701 Thread 0x00000225d3af4600 DEOPT UNPACKING pc=0x00000225e314e462 sp=0x000000e425dfb8a8 mode 0

Classes loaded (20 events):
Event: 0.713 Loading class java/awt/image/DataBuffer
Event: 0.713 Loading class java/awt/image/DataBuffer done
Event: 0.713 Loading class java/awt/image/DataBuffer$1
Event: 0.713 Loading class sun/awt/image/SunWritableRaster$DataStealer
Event: 0.713 Loading class sun/awt/image/SunWritableRaster$DataStealer done
Event: 0.713 Loading class java/awt/image/DataBuffer$1 done
Event: 0.713 Loading class sun/awt/image/SunWritableRaster
Event: 0.713 Loading class java/awt/image/WritableRaster
Event: 0.713 Loading class java/awt/image/Raster
Event: 0.713 Loading class java/awt/image/Raster done
Event: 0.713 Loading class java/awt/image/WritableRaster done
Event: 0.713 Loading class sun/awt/image/SunWritableRaster done
Event: 0.714 Loading class java/util/zip/DataFormatException
Event: 0.714 Loading class java/util/zip/DataFormatException done
Event: 0.714 Loading class java/io/EOFException
Event: 0.714 Loading class java/io/EOFException done
Event: 0.734 Loading class java/lang/AssertionError
Event: 0.734 Loading class java/lang/AssertionError done
Event: 0.908 Loading class jdk/internal/misc/Signal$1
Event: 0.908 Loading class jdk/internal/misc/Signal$1 done

Classes unloaded (0 events):
No events

Classes redefined (0 events):
No events

Internal exceptions (4 events):
Event: 0.370 Thread 0x00000225d3af4600 Exception <a 'java/lang/NoSuchMethodError'{0x00000007130fa628}: 'void java.lang.invoke.DirectMethodHandle$Holder.invokeStatic(java.lang.Object, java.lang.Object, java.lang.Object)'> (0x00000007130fa628) 
thrown [s\open\src\hotspot\share\interpreter\linkResolver.cpp, line 773]
Event: 0.373 Thread 0x00000225d3af4600 Exception <a 'java/lang/NoSuchMethodError'{0x0000000713111b30}: 'java.lang.Object java.lang.invoke.Invokers$Holder.invokeExact_MT(java.lang.Object, java.lang.Object, java.lang.Object, java.lang.Object, java.lang.Object)'> (0x0000000713111b30) 
thrown [s\open\src\hotspot\share\interpreter\linkResolver.cpp, line 773]
Event: 0.387 Thread 0x00000225f76d54f0 Exception <a 'java/lang/NoSuchMethodError'{0x0000000713166c58}: 'void java.lang.invoke.DirectMethodHandle$Holder.invokeStatic(java.lang.Object, java.lang.Object)'> (0x0000000713166c58) 
thrown [s\open\src\hotspot\share\interpreter\linkResolver.cpp, line 773]
Event: 0.592 Thread 0x00000225d3af4600 Exception <a 'java/lang/NoSuchMethodError'{0x0000000712fcf730}: 'int java.lang.invoke.Invokers$Holder.invokeExact_MT(java.lang.Object, java.lang.Object)'> (0x0000000712fcf730) 
thrown [s\open\src\hotspot\share\interpreter\linkResolver.cpp, line 773]

VM Operations (13 events):
Event: 0.380 Executing VM operation: HandshakeAllThreads
Event: 0.380 Executing VM operation: HandshakeAllThreads done
Event: 0.448 Executing VM operation: HandshakeAllThreads
Event: 0.448 Executing VM operation: HandshakeAllThreads done
Event: 0.486 Executing VM operation: HandshakeAllThreads
Event: 0.486 Executing VM operation: HandshakeAllThreads done
Event: 0.700 Executing VM operation: HandshakeAllThreads
Event: 0.700 Executing VM operation: HandshakeAllThreads done
Event: 0.736 Executing VM operation: HandshakeAllThreads
Event: 0.736 Executing VM operation: HandshakeAllThreads done
Event: 0.761 Executing VM operation: HandshakeAllThreads
Event: 0.761 Executing VM operation: HandshakeAllThreads done
Event: 0.926 Executing VM operation: Exit

Events (17 events):
Event: 0.084 Thread 0x00000225d3af4600 Thread added: 0x00000225d3af4600
Event: 0.108 Thread 0x00000225f3018780 Thread added: 0x00000225f3018780
Event: 0.109 Thread 0x00000225f301aea0 Thread added: 0x00000225f301aea0
Event: 0.109 Thread 0x00000225f301eb50 Thread added: 0x00000225f301eb50
Event: 0.109 Thread 0x00000225f30226a0 Thread added: 0x00000225f30226a0
Event: 0.109 Thread 0x00000225f30230d0 Thread added: 0x00000225f30230d0
Event: 0.109 Thread 0x00000225f302bc40 Thread added: 0x00000225f302bc40
Event: 0.109 Thread 0x00000225f303afd0 Thread added: 0x00000225f303afd0
Event: 0.109 Thread 0x00000225f74000d0 Thread added: 0x00000225f74000d0
Event: 0.138 Thread 0x00000225f2fe62e0 Thread added: 0x00000225f2fe62e0
Event: 0.376 Thread 0x00000225f76d54f0 Thread added: 0x00000225f76d54f0
Event: 0.376 Thread 0x00000225f76d5f00 Thread added: 0x00000225f76d5f00
Event: 0.498 Thread 0x00000225f7401ca0 Thread added: 0x00000225f7401ca0
Event: 0.909 Thread 0x00000225f8910130 Thread added: 0x00000225f8910130
Event: 0.909 Thread 0x00000225f8910f10 Thread added: 0x00000225f8910f10
Event: 0.924 Thread 0x00000225f8910f10 Thread exited: 0x00000225f8910f10
Event: 0.925 Thread 0x00000225f301eb50 Thread exited: 0x00000225f301eb50


Dynamic libraries:
0x00007ff73a180000 - 0x00007ff73a18e000 	C:\Users\User\.jdks\openjdk-20.0.2\bin\java.exe
0x00007ffffab10000 - 0x00007ffffad27000 	C:\WINDOWS\SYSTEM32\ntdll.dll
0x00007ffff9c50000 - 0x00007ffff9d14000 	C:\WINDOWS\System32\KERNEL32.DLL
0x00007ffff7fe0000 - 0x00007ffff838c000 	C:\WINDOWS\System32\KERNELBASE.dll
0x00007ffff7e40000 - 0x00007ffff7f51000 	C:\WINDOWS\System32\ucrtbase.dll
0x00007fffc83e0000 - 0x00007fffc83fb000 	C:\Users\User\.jdks\openjdk-20.0.2\bin\VCRUNTIME140.dll
0x00007fffbe820000 - 0x00007fffbe837000 	C:\Users\User\.jdks\openjdk-20.0.2\bin\jli.dll
0x00007ffff9420000 - 0x00007ffff95ce000 	C:\WINDOWS\System32\USER32.dll
0x00007ffff8430000 - 0x00007ffff8456000 	C:\WINDOWS\System32\win32u.dll
0x00007ffffa8a0000 - 0x00007ffffa8c9000 	C:\WINDOWS\System32\GDI32.dll
0x00007ffff8730000 - 0x00007ffff8849000 	C:\WINDOWS\System32\gdi32full.dll
0x00007fffe85b0000 - 0x00007fffe8843000 	C:\WINDOWS\WinSxS\amd64_microsoft.windows.common-controls_6595b64144ccf1df_6.0.22621.3672_none_2713b9d173822955\COMCTL32.dll
0x00007ffff8390000 - 0x00007ffff842a000 	C:\WINDOWS\System32\msvcp_win.dll
0x00007ffff99a0000 - 0x00007ffff9a47000 	C:\WINDOWS\System32\msvcrt.dll
0x00007ffff9c10000 - 0x00007ffff9c41000 	C:\WINDOWS\System32\IMM32.DLL
0x00007ffff0210000 - 0x00007ffff021c000 	C:\Users\User\.jdks\openjdk-20.0.2\bin\vcruntime140_1.dll
0x00007fff4c100000 - 0x00007fff4c18e000 	C:\Users\User\.jdks\openjdk-20.0.2\bin\msvcp140.dll
0x00007fff285b0000 - 0x00007fff29248000 	C:\Users\User\.jdks\openjdk-20.0.2\bin\server\jvm.dll
0x00007ffff9b50000 - 0x00007ffff9c02000 	C:\WINDOWS\System32\ADVAPI32.dll
0x00007ffffa1a0000 - 0x00007ffffa24a000 	C:\WINDOWS\System32\sechost.dll
0x00007ffff8460000 - 0x00007ffff8488000 	C:\WINDOWS\System32\bcrypt.dll
0x00007ffffa950000 - 0x00007ffffaa65000 	C:\WINDOWS\System32\RPCRT4.dll
0x00007ffff0080000 - 0x00007ffff00b4000 	C:\WINDOWS\SYSTEM32\WINMM.dll
0x00007fffe8320000 - 0x00007fffe8329000 	C:\WINDOWS\SYSTEM32\WSOCK32.dll
0x00007fffe7600000 - 0x00007fffe760a000 	C:\WINDOWS\SYSTEM32\VERSION.dll
0x00007ffffa5e0000 - 0x00007ffffa651000 	C:\WINDOWS\System32\WS2_32.dll
0x00007ffff6e30000 - 0x00007ffff6e48000 	C:\WINDOWS\SYSTEM32\kernel.appcore.dll
0x00007fffd7e30000 - 0x00007fffd7e3a000 	C:\Users\User\.jdks\openjdk-20.0.2\bin\jimage.dll
0x00007ffff5180000 - 0x00007ffff53b2000 	C:\WINDOWS\SYSTEM32\DBGHELP.DLL
0x00007ffffa250000 - 0x00007ffffa5d8000 	C:\WINDOWS\System32\combase.dll
0x00007ffffa6f0000 - 0x00007ffffa7c7000 	C:\WINDOWS\System32\OLEAUT32.dll
0x00007fffd0ed0000 - 0x00007fffd0f02000 	C:\WINDOWS\SYSTEM32\dbgcore.DLL
0x00007ffff7f60000 - 0x00007ffff7fdb000 	C:\WINDOWS\System32\bcryptPrimitives.dll
0x00007fffc84c0000 - 0x00007fffc84ce000 	C:\Users\User\.jdks\openjdk-20.0.2\bin\instrument.dll
0x00007fffbe4b0000 - 0x00007fffbe4d6000 	C:\Users\User\.jdks\openjdk-20.0.2\bin\java.dll
0x00007fff4c020000 - 0x00007fff4c0f7000 	C:\Users\User\.jdks\openjdk-20.0.2\bin\jsvml.dll
0x00007ffff89b0000 - 0x00007ffff920c000 	C:\WINDOWS\System32\SHELL32.dll
0x00007ffff5d40000 - 0x00007ffff6637000 	C:\WINDOWS\SYSTEM32\windows.storage.dll
0x00007ffff5c00000 - 0x00007ffff5d3f000 	C:\WINDOWS\SYSTEM32\wintypes.dll
0x00007ffff9a50000 - 0x00007ffff9b44000 	C:\WINDOWS\System32\SHCORE.dll
0x00007ffffa690000 - 0x00007ffffa6ee000 	C:\WINDOWS\System32\shlwapi.dll
0x00007ffff7d70000 - 0x00007ffff7d91000 	C:\WINDOWS\SYSTEM32\profapi.dll
0x00007fffbba30000 - 0x00007fffbba48000 	C:\Users\User\.jdks\openjdk-20.0.2\bin\zip.dll
0x00007fffbc790000 - 0x00007fffbc7a3000 	C:\Users\User\.jdks\openjdk-20.0.2\bin\net.dll
0x00007ffff3430000 - 0x00007ffff3566000 	C:\WINDOWS\SYSTEM32\WINHTTP.dll
0x00007ffff7290000 - 0x00007ffff72f9000 	C:\WINDOWS\system32\mswsock.dll
0x00007fffbc5e0000 - 0x00007fffbc5f6000 	C:\Users\User\.jdks\openjdk-20.0.2\bin\nio.dll
0x00007fffbb430000 - 0x00007fffbb44a000 	C:\Program Files\JetBrains\IntelliJ IDEA Community Edition 2023.2.1\bin\breakgen64.dll
0x00007fffc07f0000 - 0x00007fffc07f7000 	C:\Users\User\.jdks\openjdk-20.0.2\bin\extnet.dll
0x00007fffc8220000 - 0x00007fffc8230000 	C:\Users\User\.jdks\openjdk-20.0.2\bin\verify.dll
0x0000000180000000 - 0x0000000180053000 	C:\3cWI\swp\Games\native\lwjgl64.dll
0x00007fffbf400000 - 0x00007fffbf500000 	C:\WINDOWS\SYSTEM32\OPENGL32.dll
0x00007fffc0de0000 - 0x00007fffc0e0d000 	C:\WINDOWS\SYSTEM32\GLU32.dll
0x00007ffff5020000 - 0x00007ffff5059000 	C:\WINDOWS\SYSTEM32\dxcore.dll
0x00007ffff2df0000 - 0x00007ffff2eac000 	C:\WINDOWS\SYSTEM32\mscms.dll
0x00007ffffa7f0000 - 0x00007ffffa8a0000 	C:\WINDOWS\System32\clbcatq.dll
0x00007fffed5b0000 - 0x00007fffed5fe000 	C:\Windows\System32\Windows.Internal.Graphics.Display.DisplayColorManagement.dll
0x00007ffff7b20000 - 0x00007ffff7b6e000 	C:\WINDOWS\SYSTEM32\cfgmgr32.dll
0x00007ffff4e60000 - 0x00007ffff4f0a000 	C:\WINDOWS\system32\uxtheme.dll
0x00007ffff8850000 - 0x00007ffff89a3000 	C:\WINDOWS\System32\MSCTF.dll
0x00007fffef790000 - 0x00007fffef7d9000 	C:\WINDOWS\SYSTEM32\directxdatabasehelper.dll
0x00007fffefe70000 - 0x00007fffeffae000 	C:\Windows\System32\AppXDeploymentClient.dll
0x00007fff275d0000 - 0x00007fff285b0000 	C:\Windows\System32\DriverStore\FileRepository\iigd_dch.inf_amd64_4ae66f8a827f1834\igxelpicd64.dll
0x00007ffff9740000 - 0x00007ffff98e5000 	C:\WINDOWS\System32\ole32.dll
0x00007ffff53c0000 - 0x00007ffff53eb000 	C:\WINDOWS\system32\dwmapi.dll
0x00007ffff5060000 - 0x00007ffff5157000 	C:\WINDOWS\system32\dxgi.dll
0x00007fff48bc0000 - 0x00007fff48ea7000 	C:\Windows\System32\DriverStore\FileRepository\iigd_dch.inf_amd64_4ae66f8a827f1834\igdml64.dll
0x00007fffe9db0000 - 0x00007fffea177000 	C:\Windows\System32\DriverStore\FileRepository\iigd_dch.inf_amd64_4ae66f8a827f1834\igdgmm64.dll
0x00007fffe8a00000 - 0x00007fffe8b4d000 	C:\WINDOWS\SYSTEM32\textinputframework.dll
0x00007fff96e70000 - 0x00007fff96eb9000 	C:\WINDOWS\SYSTEM32\icm32.dll
0x00007fffc7b90000 - 0x00007fffc7fd4000 	C:\WINDOWS\SYSTEM32\uiautomationcore.dll
0x00007fffe3e50000 - 0x00007fffe7402000 	C:\Windows\System32\DriverStore\FileRepository\iigd_dch.inf_amd64_4ae66f8a827f1834\igc64.dll
0x00007ffff7760000 - 0x00007ffff77ad000 	C:\WINDOWS\SYSTEM32\powrprof.dll
0x00007ffff7740000 - 0x00007ffff7753000 	C:\WINDOWS\SYSTEM32\UMPDC.dll
0x00007fffd37f0000 - 0x00007fffd3859000 	C:\WINDOWS\SYSTEM32\OLEACC.dll
0x00007fff2cb80000 - 0x00007fff2cd10000 	C:\Users\User\.jdks\openjdk-20.0.2\bin\awt.dll
0x00007ffff2eb0000 - 0x00007ffff2f47000 	C:\WINDOWS\SYSTEM32\apphelp.dll
0x00000225c30f0000 - 0x00000225c3106000 	C:\3cWI\swp\Games\native\jinput-dx8_64.dll
0x00007fffb2170000 - 0x00007fffb21b6000 	C:\WINDOWS\SYSTEM32\DINPUT8.dll
0x00007fffe8cb0000 - 0x00007fffe8ebc000 	C:\WINDOWS\SYSTEM32\inputhost.dll
0x00007ffff2370000 - 0x00007ffff24a3000 	C:\WINDOWS\SYSTEM32\CoreMessaging.dll
0x00007ffff75c0000 - 0x00007ffff75cc000 	C:\WINDOWS\SYSTEM32\CRYPTBASE.DLL
0x00007ffff6640000 - 0x00007ffff664e000 	C:\WINDOWS\SYSTEM32\HID.DLL
0x00007ffff9d20000 - 0x00007ffffa194000 	C:\WINDOWS\System32\SETUPAPI.DLL
0x00007ffff7af0000 - 0x00007ffff7b1c000 	C:\WINDOWS\SYSTEM32\DEVOBJ.dll
0x00007ffff86c0000 - 0x00007ffff872b000 	C:\WINDOWS\System32\WINTRUST.dll
0x00007ffff8490000 - 0x00007ffff85f7000 	C:\WINDOWS\System32\CRYPT32.dll
0x00007ffff76a0000 - 0x00007ffff76b2000 	C:\WINDOWS\SYSTEM32\MSASN1.dll

dbghelp: loaded successfully - version: 4.0.5 - missing functions: none
symbol engine: initialized successfully - sym options: 0x614 - pdb path: .;C:\Users\User\.jdks\openjdk-20.0.2\bin;C:\WINDOWS\SYSTEM32;C:\WINDOWS\WinSxS\amd64_microsoft.windows.common-controls_6595b64144ccf1df_6.0.22621.3672_none_2713b9d173822955;C:\Users\User\.jdks\openjdk-20.0.2\bin\server;C:\Program Files\JetBrains\IntelliJ IDEA Community Edition 2023.2.1\bin;C:\3cWI\swp\Games\native;C:\Windows\System32\DriverStore\FileRepository\iigd_dch.inf_amd64_4ae66f8a827f1834

VM Arguments:
jvm_args: -Djava.library.path=C:\3cWI\swp\Games\native -javaagent:C:\Program Files\JetBrains\IntelliJ IDEA Community Edition 2023.2.1\lib\idea_rt.jar=53159:C:\Program Files\JetBrains\IntelliJ IDEA Community Edition 2023.2.1\bin -Dfile.encoding=UTF-8 -Dsun.stdout.encoding=UTF-8 -Dsun.stderr.encoding=UTF-8 
java_command: at.elina.test.games.firstgame.ObjectsGame
java_class_path (initial): C:\3cWI\swp\Games\out\production\Slick2DTemplate;C:\3cWI\swp\Games\lib\jogg-0.0.7.jar;C:\3cWI\swp\Games\lib\jnlp.jar;C:\3cWI\swp\Games\lib\natives-mac.jar;C:\3cWI\swp\Games\lib\ibxm.jar;C:\3cWI\swp\Games\lib\slick.jar;C:\3cWI\swp\Games\lib\lwjgl_util.jar;C:\3cWI\swp\Games\lib\natives-windows.jar;C:\3cWI\swp\Games\lib\tinylinepp.jar;C:\3cWI\swp\Games\lib\slick-examples.jar;C:\3cWI\swp\Games\lib\jinput.jar;C:\3cWI\swp\Games\lib\lwjgl.jar;C:\3cWI\swp\Games\lib\jorbis-0.0.15.jar;C:\3cWI\swp\Games\lib\lwjgl_util_applet.jar;C:\3cWI\swp\Games\lib\natives-linux.jar
Launcher Type: SUN_STANDARD

[Global flags]
     intx CICompilerCount                          = 4                                         {product} {ergonomic}
     uint ConcGCThreads                            = 2                                         {product} {ergonomic}
     uint G1ConcRefinementThreads                  = 8                                         {product} {ergonomic}
   size_t G1HeapRegionSize                         = 2097152                                   {product} {ergonomic}
    uintx GCDrainStackTargetSize                   = 64                                        {product} {ergonomic}
   size_t InitialHeapSize                          = 266338304                                 {product} {ergonomic}
   size_t MarkStackSize                            = 4194304                                   {product} {ergonomic}
   size_t MaxHeapSize                              = 4238344192                                {product} {ergonomic}
   size_t MaxNewSize                               = 2541748224                                {product} {ergonomic}
   size_t MinHeapDeltaBytes                        = 2097152                                   {product} {ergonomic}
   size_t MinHeapSize                              = 8388608                                   {product} {ergonomic}
    uintx NonNMethodCodeHeapSize                   = 5839372                                {pd product} {ergonomic}
    uintx NonProfiledCodeHeapSize                  = 122909434                              {pd product} {ergonomic}
    uintx ProfiledCodeHeapSize                     = 122909434                              {pd product} {ergonomic}
    uintx ReservedCodeCacheSize                    = 251658240                              {pd product} {ergonomic}
     bool SegmentedCodeCache                       = true                                      {product} {ergonomic}
   size_t SoftMaxHeapSize                          = 4238344192                             {manageable} {ergonomic}
     bool UseCompressedClassPointers               = true                           {product lp64_product} {ergonomic}
     bool UseCompressedOops                        = true                           {product lp64_product} {ergonomic}
     bool UseG1GC                                  = true                                      {product} {ergonomic}
     bool UseLargePagesIndividualAllocation        = false                                  {pd product} {ergonomic}

Logging:
Log output configuration:
 #0: stdout all=off uptime,level,tags foldmultilines=false
 #1: stderr all=off uptime,level,tags foldmultilines=false

Environment Variables:
PATH=C:\Program Files (x86)\Common Files\Oracle\Java\javapath;C:\WINDOWS\system32;C:\WINDOWS;C:\WINDOWS\System32\Wbem;C:\WINDOWS\System32\WindowsPowerShell\v1.0\;C:\WINDOWS\System32\OpenSSH\;C:\Program Files (x86)\Windows Live\Shared;C:\Program Files\Git\cmd;C:\Program Files\nodejs\;C:\Program Files\Microsoft SQL Server\120\Tools\Binn\;C:\Program Files (x86)\Microsoft SQL Server\160\Tools\Binn\;C:\Program Files\Microsoft SQL Server\160\Tools\Binn\;C:\Program Files\Microsoft SQL Server\Client SDK\ODBC\170\Tools\Binn\;C:\Program Files\Microsoft SQL Server\160\DTS\Binn\;C:\Program Files (x86)\Microsoft SQL Server\160\DTS\Binn\;C:\Program Files\Azure Data Studio\bin;C:\Program Files\Microsoft SQL Server\150\Tools\Binn\;C:\Program Files\dotnet\;C:\Users\User\AppData\Local\Programs\Python\Launcher\;C:\Users\User\AppData\Local\Microsoft\WindowsApps;;C:\Users\User\AppData\Local\Programs\Microsoft VS Code\bin;C:\Users\User\AppData\Roaming\npm;C:\Program Files\Azure Data Studio\bin;C:\Users\User\.dotnet\tools
USERNAME=User
OS=Windows_NT
PROCESSOR_IDENTIFIER=Intel64 Family 6 Model 140 Stepping 1, GenuineIntel
TMP=C:\Users\User\AppData\Local\Temp
TEMP=C:\Users\User\AppData\Local\Temp




---------------  S Y S T E M  ---------------

OS:
 Windows 11 , 64 bit Build 22621 (10.0.22621.3672)
OS uptime: 0 days 4:59 hours
Hyper-V role detected

CPU: total 8 (initial active 8) (4 cores per cpu, 2 threads per core) family 6 model 140 stepping 1 microcode 0x8a, cx8, cmov, fxsr, ht, mmx, 3dnowpref, sse, sse2, sse3, ssse3, sse4.1, sse4.2, popcnt, lzcnt, tsc, tscinvbit, avx, avx2, aes, erms, clmul, bmi1, bmi2, adx, avx512f, avx512dq, avx512cd, avx512bw, avx512vl, sha, fma, vzeroupper, avx512_vpopcntdq, avx512_vpclmulqdq, avx512_vaes, avx512_vnni, clflush, clflushopt, clwb, avx512_vbmi2, avx512_vbmi, hv, rdtscp, rdpid, fsrm, gfni, avx512_bitalg, f16c, cet_ibt, cet_ss, avx512_ifma

Memory: 4k page, system-wide physical 16163M (5664M free)
TotalPageFile size 21283M (AvailPageFile size 7693M)
current process WorkingSet (physical memory assigned to process): 135M, peak: 137M
current process commit charge ("private bytes"): 386M, peak: 386M

vm_info: OpenJDK 64-Bit Server VM (20.0.2+9-78) for windows-amd64 JRE (20.0.2+9-78), built on 2023-06-14T10:08:48Z by "mach5one" with MS VC++ 17.1 (VS2022)

END.
